<?xml version="1.0" encoding="UTF-8"?>
<!-- Generated by org.testng.reporters.JUnitXMLReporter -->
<testsuite ignored="0" hostname="CAPTAINS-LAPPY" failures="0" tests="7" name="Surefire test" time="250.659" errors="0" timestamp="2022-01-11T22:18:40 EST">
  <testcase classname="com.amazon.qa.tests.LinkPageTest" name="afterLoginTitle" time="0.801"/>
  <testcase classname="com.amazon.qa.tests.LinkPageTest" name="verifyUsername" time="1.099"/>
  <testcase classname="com.amazon.qa.tests.LinkPageTest" name="clickOnAcc" time="1.895"/>
  <testcase classname="com.amazon.qa.tests.LinkPageTest" name="enterName" time="0.063"/>
  <testcase classname="com.amazon.qa.tests.LoginPageTest" name="planDisplayVerifyTest" time="0.252"/>
  <testcase classname="com.amazon.qa.tests.PageTest" name="pageTitle" time="0.003"/>
  <testcase classname="com.amazon.qa.tests.PageTest" name="loginTest" time="8.639"/>
</testsuite> <!-- Surefire test -->
