<?xml version="1.0" encoding="UTF-8"?>
<!-- Generated by org.testng.reporters.JUnitXMLReporter -->
<testsuite ignored="0" hostname="CAPTAINS-LAPPY" failures="0" tests="7" name="Test" time="57.024" errors="0" timestamp="2022-01-11T21:21:00 EST">
  <testcase classname="com.amazon.qa.tests.LinkPageTest" name="afterLoginTitle" time="0.027"/>
  <testcase classname="com.amazon.qa.tests.LinkPageTest" name="verifyUsername" time="1.178"/>
  <testcase classname="com.amazon.qa.tests.LinkPageTest" name="clickOnAcc" time="1.391"/>
  <testcase classname="com.amazon.qa.tests.LinkPageTest" name="enterName" time="0.076"/>
  <testcase classname="com.amazon.qa.tests.LoginPageTest" name="planDisplayVerifyTest" time="0.155"/>
  <testcase classname="com.amazon.qa.tests.PageTest" name="pageTitle" time="0.007"/>
  <testcase classname="com.amazon.qa.tests.PageTest" name="loginTest" time="2.252"/>
</testsuite> <!-- Test -->
